<?xml version="1.0" encoding="UTF-8"?>
<!-- Generated by org.testng.reporters.JUnitReportReporter -->
<testsuite hostname="DESKTOP-3KFQQCP" failures="0" tests="1" name="Academy.GSAppTest.shop" time="108.225" errors="0" timestamp="2020-05-29T17:27:28 IST" skipped="0">
  <testcase classname="Academy.GSAppTest.shop" name="page1Test" time="108.225"/>
  <system-out/>
</testsuite> <!-- Academy.GSAppTest.shop -->
