<?xml version="1.0" encoding="UTF-8"?>
<!-- Generated by org.testng.reporters.JUnitReportReporter -->
<testsuite hostname="DESKTOP-3KFQQCP" failures="0" tests="1" name="Academy.GSAppTest.ApiDemos" time="28.904" errors="0" timestamp="2020-05-29T17:27:28 IST" skipped="0">
  <testcase classname="Academy.GSAppTest.ApiDemos" name="DragDropTest" time="28.904"/>
  <system-out/>
</testsuite> <!-- Academy.GSAppTest.ApiDemos -->
