<?xml version="1.0" encoding="UTF-8"?>
<!-- Generated by org.testng.reporters.JUnitReportReporter -->
<testsuite skipped="0" hostname="DESKTOP-3KFQQCP" name="Academy.GSAppTest.shop" tests="1" failures="0" timestamp="2020-05-29T17:51:42 IST" time="119.795" errors="0">
  <testcase name="page1Test" time="119.795" classname="Academy.GSAppTest.shop"/>
  <system-out/>
</testsuite> <!-- Academy.GSAppTest.shop -->
