<?xml version="1.0" encoding="UTF-8"?>
<!-- Generated by org.testng.reporters.JUnitReportReporter -->
<testsuite skipped="0" hostname="DESKTOP-3KFQQCP" name="Academy.GSAppTest.ApiDemos" tests="1" failures="0" timestamp="2020-05-29T17:51:42 IST" time="32.433" errors="0">
  <testcase name="DragDropTest" time="32.433" classname="Academy.GSAppTest.ApiDemos"/>
  <system-out/>
</testsuite> <!-- Academy.GSAppTest.ApiDemos -->
